<?xml version="1.0" encoding="UTF-8"?>
<testsuite xmlns:xsi="http://www.w3.org/2001/XMLSchema-instance" xsi:noNamespaceSchemaLocation="https://maven.apache.org/surefire/maven-surefire-plugin/xsd/surefire-test-report.xsd" name="TestSuite" time="201.498" tests="7" errors="0" skipped="0" failures="6">
  <properties>
[...]
</properties>
  <testcase name="testClickdesigner" classname="page_object_test.HPageTest" time="60.33">
    <failure message="Unable to find element with id == designer-index (WARNING: The server did not provide any stacktrace information)&#10;Command duration or timeout: 0 milliseconds&#10;For documentation on this error, please visit: http://seleniumhq.org/exceptions/no_such_element.html&#10;Build info: version: &apos;3.14.0&apos;, revision: &apos;aacccce0&apos;, time: &apos;2018-08-02T20:19:58.91Z&apos;&#10;System info: host: &apos;DESKTOP-IUMP8HU&apos;, ip: &apos;192.168.211.1&apos;, os.name: &apos;Windows 10&apos;, os.arch: &apos;amd64&apos;, os.version: &apos;10.0&apos;, java.version: &apos;1.8.0_162&apos;&#10;Driver info: org.openqa.selenium.remote.RemoteWebDriver&#10;Capabilities {browserAttachTimeout: 0, browserName: internet explorer, cssSelectorsEnabled: true, elementScrollBehavior: 0, enableElementCacheCleanup: true, enablePersistentHover: true, handlesAlerts: true, ie.browserCommandLineSwitches: , ie.ensureCleanSession: false, ie.forceCreateProcessApi: false, ie.usePerProcessProxy: false, ignoreProtectedModeSettings: false, ignoreZoomSetting: false, initialBrowserUrl: about:blank, javascriptEnabled: true, nativeEvents: true, platform: WINDOWS, platformName: WINDOWS, requireWindowFocus: false, takesScreenshot: true, unexpectedAlertBehaviour: dismiss, unhandledPromptBehavior: dismiss, version: 11, webdriver.remote.sessionid: f79764a7f254d56607b963c5dcc...}&#10;Session ID: f79764a7f254d56607b963c5dcc41faba9cef0be&#10;*** Element info: {Using=id, value=designer-index}" type="org.openqa.selenium.NoSuchElementException">org.openqa.selenium.NoSuchElementException: 
Unable to find element with id == designer-index (WARNING: The server did not provide any stacktrace information)
Command duration or timeout: 0 milliseconds
For documentation on this error, please visit: http://seleniumhq.org/exceptions/no_such_element.html
Build info: version: '3.14.0', revision: 'aacccce0', time: '2018-08-02T20:19:58.91Z'
System info: host: 'DESKTOP-IUMP8HU', ip: '192.168.211.1', os.name: 'Windows 10', os.arch: 'amd64', os.version: '10.0', java.version: '1.8.0_162'
Driver info: org.openqa.selenium.remote.RemoteWebDriver
Capabilities {browserAttachTimeout: 0, browserName: internet explorer, cssSelectorsEnabled: true, elementScrollBehavior: 0, enableElementCacheCleanup: true, enablePersistentHover: true, handlesAlerts: true, ie.browserCommandLineSwitches: , ie.ensureCleanSession: false, ie.forceCreateProcessApi: false, ie.usePerProcessProxy: false, ignoreProtectedModeSettings: false, ignoreZoomSetting: false, initialBrowserUrl: about:blank, javascriptEnabled: true, nativeEvents: true, platform: WINDOWS, platformName: WINDOWS, requireWindowFocus: false, takesScreenshot: true, unexpectedAlertBehaviour: dismiss, unhandledPromptBehavior: dismiss, version: 11, webdriver.remote.sessionid: f79764a7f254d56607b963c5dcc...}
Session ID: f79764a7f254d56607b963c5dcc41faba9cef0be
*** Element info: {Using=id, value=designer-index}
	at page_object_test.HPageTest.testClickdesigner(HPageTest.java:22)
</failure>
    <system-out><![CDATA[[TestNGContentHandler] [WARN] It is strongly recommended to add "<!DOCTYPE suite SYSTEM "https://testng.org/testng-1.0.dtd" >" at the top of your file, otherwise TestNG may fail or not work as expected.
Extent Report DirectoryC:\BATCH-OF-2020\WebAB2002\Century21\target\surefire-reports\html
]]></system-out>
    <system-err><![CDATA[Sep 23, 2020 5:53:19 PM com.relevantcodes.extentreports.ExtentReports loadConfig
WARNING: Unable to perform report configuration. The file C:\BATCH-OF-2020\WebAB2002\Century21\report-config.xml was not found.
Sep 23, 2020 5:53:26 PM org.openqa.selenium.remote.ProtocolHandshake createSession
INFO: Detected dialect: OSS
]]></system-err>
  </testcase>
  <testcase name="testClicknewArrival" classname="page_object_test.HPageTest" time="0.002">
    <failure type="java.lang.NullPointerException">java.lang.NullPointerException
	at page_object_test.HPageTest.testClicknewArrival(HPageTest.java:44)
</failure>
    <system-out><![CDATA[Exception while taking screenshot The filename, directory name, or volume label syntax is incorrect
]]></system-out>
    <system-err><![CDATA[Sep 23, 2020 5:54:44 PM org.openqa.selenium.remote.ProtocolHandshake createSession
INFO: Detected dialect: OSS
]]></system-err>
  </testcase>
  <testcase name="testMouseover" classname="page_object_test.HPageTest" time="0.008">
    <failure type="java.lang.NullPointerException">java.lang.NullPointerException
	at page_object_test.HPageTest.testMouseover(HPageTest.java:37)
</failure>
    <system-out><![CDATA[Exception while taking screenshot The filename, directory name, or volume label syntax is incorrect
]]></system-out>
    <system-err><![CDATA[Sep 23, 2020 5:54:56 PM org.openqa.selenium.remote.ProtocolHandshake createSession
INFO: Detected dialect: OSS
]]></system-err>
  </testcase>
  <testcase name="testSearchbox" classname="page_object_test.HPageTest" time="0.785">
    <failure message="Cannot click on element (WARNING: The server did not provide any stacktrace information)&#10;Command duration or timeout: 0 milliseconds&#10;Build info: version: &apos;3.14.0&apos;, revision: &apos;aacccce0&apos;, time: &apos;2018-08-02T20:19:58.91Z&apos;&#10;System info: host: &apos;DESKTOP-IUMP8HU&apos;, ip: &apos;192.168.211.1&apos;, os.name: &apos;Windows 10&apos;, os.arch: &apos;amd64&apos;, os.version: &apos;10.0&apos;, java.version: &apos;1.8.0_162&apos;&#10;Driver info: org.openqa.selenium.remote.RemoteWebDriver&#10;Capabilities {browserAttachTimeout: 0, browserName: internet explorer, cssSelectorsEnabled: true, elementScrollBehavior: 0, enableElementCacheCleanup: true, enablePersistentHover: true, handlesAlerts: true, ie.browserCommandLineSwitches: , ie.ensureCleanSession: false, ie.forceCreateProcessApi: false, ie.usePerProcessProxy: false, ignoreProtectedModeSettings: false, ignoreZoomSetting: false, initialBrowserUrl: about:blank, javascriptEnabled: true, nativeEvents: true, platform: WINDOWS, platformName: WINDOWS, requireWindowFocus: false, takesScreenshot: true, unexpectedAlertBehaviour: dismiss, unhandledPromptBehavior: dismiss, version: 11, webdriver.remote.sessionid: c4160159cba0f1587f26fc46bbf...}&#10;Session ID: c4160159cba0f1587f26fc46bbf65ad08d6fe516" type="org.openqa.selenium.ElementNotVisibleException">org.openqa.selenium.ElementNotVisibleException: 
Cannot click on element (WARNING: The server did not provide any stacktrace information)
Command duration or timeout: 0 milliseconds
Build info: version: '3.14.0', revision: 'aacccce0', time: '2018-08-02T20:19:58.91Z'
System info: host: 'DESKTOP-IUMP8HU', ip: '192.168.211.1', os.name: 'Windows 10', os.arch: 'amd64', os.version: '10.0', java.version: '1.8.0_162'
Driver info: org.openqa.selenium.remote.RemoteWebDriver
Capabilities {browserAttachTimeout: 0, browserName: internet explorer, cssSelectorsEnabled: true, elementScrollBehavior: 0, enableElementCacheCleanup: true, enablePersistentHover: true, handlesAlerts: true, ie.browserCommandLineSwitches: , ie.ensureCleanSession: false, ie.forceCreateProcessApi: false, ie.usePerProcessProxy: false, ignoreProtectedModeSettings: false, ignoreZoomSetting: false, initialBrowserUrl: about:blank, javascriptEnabled: true, nativeEvents: true, platform: WINDOWS, platformName: WINDOWS, requireWindowFocus: false, takesScreenshot: true, unexpectedAlertBehaviour: dismiss, unhandledPromptBehavior: dismiss, version: 11, webdriver.remote.sessionid: c4160159cba0f1587f26fc46bbf...}
Session ID: c4160159cba0f1587f26fc46bbf65ad08d6fe516
	at page_object_test.HPageTest.testSearchbox(HPageTest.java:30)
</failure>
    <system-out><![CDATA[Exception while taking screenshot The filename, directory name, or volume label syntax is incorrect
]]></system-out>
    <system-err><![CDATA[Sep 23, 2020 5:55:11 PM org.openqa.selenium.remote.ProtocolHandshake createSession
INFO: Detected dialect: OSS
]]></system-err>
  </testcase>
  <testcase name="testWomenbutton" classname="page_object_test.HPageTest" time="18.353">
    <failure type="java.lang.NullPointerException">java.lang.NullPointerException
	at page_object_test.HPageTest.testWomenbutton(HPageTest.java:51)
</failure>
    <system-out><![CDATA[Exception while taking screenshot The filename, directory name, or volume label syntax is incorrect
]]></system-out>
    <system-err><![CDATA[Sep 23, 2020 5:55:24 PM org.openqa.selenium.remote.ProtocolHandshake createSession
INFO: Detected dialect: OSS
]]></system-err>
  </testcase>
  <testcase name="testloginPage" classname="page_object_test.LoginPageTest" time="0.002">
    <failure type="java.lang.NullPointerException">java.lang.NullPointerException
	at page_object_test.LoginPageTest.testloginPage(LoginPageTest.java:21)
</failure>
    <system-out><![CDATA[Exception while taking screenshot The filename, directory name, or volume label syntax is incorrect
]]></system-out>
    <system-err><![CDATA[Sep 23, 2020 5:56:02 PM org.openqa.selenium.remote.ProtocolHandshake createSession
INFO: Detected dialect: OSS
]]></system-err>
  </testcase>
  <testcase name="testdiscountpage" classname="page_object_test.DiscountJoinPageTest" time="4.872"/>
</testsuite>